<?xml version="1.0" encoding="UTF-8"?>
<!-- Generated by org.testng.reporters.JUnitReportReporter -->
<testsuite hostname="MJANGID-M-KH52" failures="0" tests="1" name="cisco.tests.SubmitOrder" time="14.608" errors="0" timestamp="2023-09-16T13:34:10 IST" skipped="0">
  <testcase classname="cisco.tests.SubmitOrder" name="submitOrder" time="14.608"/>
</testsuite> <!-- cisco.tests.SubmitOrder -->
