<?xml version="1.0" encoding="UTF-8"?>
<!-- Generated by org.testng.reporters.JUnitReportReporter -->
<testsuite hostname="MJANGID-M-KH52" failures="0" tests="2" name="cisco.tests.ErrorValidations" time="19.283" errors="0" timestamp="2023-09-16T18:20:09 IST" skipped="0">
  <testcase classname="cisco.tests.ErrorValidations" name="loginErrorValidation" time="8.637"/>
  <testcase classname="cisco.tests.ErrorValidations" name="productErrorValidation" time="10.646"/>
</testsuite> <!-- cisco.tests.ErrorValidations -->
